<?xml version="1.0" encoding="UTF-8"?>
<testsuite xmlns:xsi="http://www.w3.org/2001/XMLSchema-instance" xsi:noNamespaceSchemaLocation="https://maven.apache.org/surefire/maven-surefire-plugin/xsd/surefire-test-report-3.0.xsd" version="3.0" name="com.amsidh.mvc.service.BankServiceTest" time="0.991" tests="1" errors="0" skipped="0" failures="0">
  <properties>
    <property name="java.specification.version" value="21"/>
    <property name="sun.cpu.isalist" value="amd64"/>
    <property name="sun.jnu.encoding" value="Cp1252"/>
    <property name="java.class.path" value="C:\Users\amsid\Documents\IntellijProjects\grpc-communication-pattern\grpc-unary-communication\target\test-classes;C:\Users\amsid\Documents\IntellijProjects\grpc-communication-pattern\grpc-unary-communication\target\classes;C:\Users\amsid\.m2\repository\io\grpc\grpc-netty-shaded\1.60.1\grpc-netty-shaded-1.60.1.jar;C:\Users\amsid\.m2\repository\com\google\guava\guava\32.0.1-android\guava-32.0.1-android.jar;C:\Users\amsid\.m2\repository\com\google\guava\failureaccess\1.0.1\failureaccess-1.0.1.jar;C:\Users\amsid\.m2\repository\com\google\guava\listenablefuture\9999.0-empty-to-avoid-conflict-with-guava\listenablefuture-9999.0-empty-to-avoid-conflict-with-guava.jar;C:\Users\amsid\.m2\repository\org\checkerframework\checker-qual\3.33.0\checker-qual-3.33.0.jar;C:\Users\amsid\.m2\repository\com\google\j2objc\j2objc-annotations\2.8\j2objc-annotations-2.8.jar;C:\Users\amsid\.m2\repository\com\google\errorprone\error_prone_annotations\2.20.0\error_prone_annotations-2.20.0.jar;C:\Users\amsid\.m2\repository\io\perfmark\perfmark-api\0.26.0\perfmark-api-0.26.0.jar;C:\Users\amsid\.m2\repository\io\grpc\grpc-core\1.60.1\grpc-core-1.60.1.jar;C:\Users\amsid\.m2\repository\com\google\code\gson\gson\2.10.1\gson-2.10.1.jar;C:\Users\amsid\.m2\repository\com\google\android\annotations\4.1.1.4\annotations-4.1.1.4.jar;C:\Users\amsid\.m2\repository\org\codehaus\mojo\animal-sniffer-annotations\1.23\animal-sniffer-annotations-1.23.jar;C:\Users\amsid\.m2\repository\io\grpc\grpc-context\1.60.1\grpc-context-1.60.1.jar;C:\Users\amsid\.m2\repository\io\grpc\grpc-util\1.60.1\grpc-util-1.60.1.jar;C:\Users\amsid\.m2\repository\io\grpc\grpc-protobuf\1.60.1\grpc-protobuf-1.60.1.jar;C:\Users\amsid\.m2\repository\io\grpc\grpc-api\1.60.1\grpc-api-1.60.1.jar;C:\Users\amsid\.m2\repository\com\google\code\findbugs\jsr305\3.0.2\jsr305-3.0.2.jar;C:\Users\amsid\.m2\repository\com\google\protobuf\protobuf-java\3.24.0\protobuf-java-3.24.0.jar;C:\Users\amsid\.m2\repository\com\google\api\grpc\proto-google-common-protos\2.22.0\proto-google-common-protos-2.22.0.jar;C:\Users\amsid\.m2\repository\io\grpc\grpc-protobuf-lite\1.60.1\grpc-protobuf-lite-1.60.1.jar;C:\Users\amsid\.m2\repository\io\grpc\grpc-stub\1.60.1\grpc-stub-1.60.1.jar;C:\Users\amsid\.m2\repository\org\apache\tomcat\annotations-api\6.0.53\annotations-api-6.0.53.jar;C:\Users\amsid\.m2\repository\org\junit\jupiter\junit-jupiter-engine\5.10.2\junit-jupiter-engine-5.10.2.jar;C:\Users\amsid\.m2\repository\org\junit\platform\junit-platform-engine\1.10.2\junit-platform-engine-1.10.2.jar;C:\Users\amsid\.m2\repository\org\opentest4j\opentest4j\1.3.0\opentest4j-1.3.0.jar;C:\Users\amsid\.m2\repository\org\junit\platform\junit-platform-commons\1.10.2\junit-platform-commons-1.10.2.jar;C:\Users\amsid\.m2\repository\org\junit\jupiter\junit-jupiter-api\5.10.2\junit-jupiter-api-5.10.2.jar;C:\Users\amsid\.m2\repository\org\apiguardian\apiguardian-api\1.1.2\apiguardian-api-1.1.2.jar;C:\Users\amsid\.m2\repository\com\fasterxml\jackson\core\jackson-databind\2.17.1\jackson-databind-2.17.1.jar;C:\Users\amsid\.m2\repository\com\fasterxml\jackson\core\jackson-annotations\2.17.1\jackson-annotations-2.17.1.jar;C:\Users\amsid\.m2\repository\com\fasterxml\jackson\core\jackson-core\2.17.1\jackson-core-2.17.1.jar;"/>
    <property name="java.vm.vendor" value="Oracle Corporation"/>
    <property name="sun.arch.data.model" value="64"/>
    <property name="user.variant" value=""/>
    <property name="java.vendor.url" value="https://java.oracle.com/"/>
    <property name="user.timezone" value="Asia/Calcutta"/>
    <property name="os.name" value="Windows 11"/>
    <property name="java.vm.specification.version" value="21"/>
    <property name="sun.java.launcher" value="SUN_STANDARD"/>
    <property name="user.country" value="US"/>
    <property name="sun.boot.library.path" value="C:\Users\amsid\jdks\openjdk-21\bin"/>
    <property name="sun.java.command" value="C:\Users\amsid\AppData\Local\Temp\surefire2556707613851471709\surefirebooter-20240716001518862_3.jar C:\Users\amsid\AppData\Local\Temp\surefire2556707613851471709 2024-07-16T00-15-18_584-jvmRun1 surefire-20240716001518862_1tmp surefire_0-20240716001518862_2tmp"/>
    <property name="jdk.debug" value="release"/>
    <property name="surefire.test.class.path" value="C:\Users\amsid\Documents\IntellijProjects\grpc-communication-pattern\grpc-unary-communication\target\test-classes;C:\Users\amsid\Documents\IntellijProjects\grpc-communication-pattern\grpc-unary-communication\target\classes;C:\Users\amsid\.m2\repository\io\grpc\grpc-netty-shaded\1.60.1\grpc-netty-shaded-1.60.1.jar;C:\Users\amsid\.m2\repository\com\google\guava\guava\32.0.1-android\guava-32.0.1-android.jar;C:\Users\amsid\.m2\repository\com\google\guava\failureaccess\1.0.1\failureaccess-1.0.1.jar;C:\Users\amsid\.m2\repository\com\google\guava\listenablefuture\9999.0-empty-to-avoid-conflict-with-guava\listenablefuture-9999.0-empty-to-avoid-conflict-with-guava.jar;C:\Users\amsid\.m2\repository\org\checkerframework\checker-qual\3.33.0\checker-qual-3.33.0.jar;C:\Users\amsid\.m2\repository\com\google\j2objc\j2objc-annotations\2.8\j2objc-annotations-2.8.jar;C:\Users\amsid\.m2\repository\com\google\errorprone\error_prone_annotations\2.20.0\error_prone_annotations-2.20.0.jar;C:\Users\amsid\.m2\repository\io\perfmark\perfmark-api\0.26.0\perfmark-api-0.26.0.jar;C:\Users\amsid\.m2\repository\io\grpc\grpc-core\1.60.1\grpc-core-1.60.1.jar;C:\Users\amsid\.m2\repository\com\google\code\gson\gson\2.10.1\gson-2.10.1.jar;C:\Users\amsid\.m2\repository\com\google\android\annotations\4.1.1.4\annotations-4.1.1.4.jar;C:\Users\amsid\.m2\repository\org\codehaus\mojo\animal-sniffer-annotations\1.23\animal-sniffer-annotations-1.23.jar;C:\Users\amsid\.m2\repository\io\grpc\grpc-context\1.60.1\grpc-context-1.60.1.jar;C:\Users\amsid\.m2\repository\io\grpc\grpc-util\1.60.1\grpc-util-1.60.1.jar;C:\Users\amsid\.m2\repository\io\grpc\grpc-protobuf\1.60.1\grpc-protobuf-1.60.1.jar;C:\Users\amsid\.m2\repository\io\grpc\grpc-api\1.60.1\grpc-api-1.60.1.jar;C:\Users\amsid\.m2\repository\com\google\code\findbugs\jsr305\3.0.2\jsr305-3.0.2.jar;C:\Users\amsid\.m2\repository\com\google\protobuf\protobuf-java\3.24.0\protobuf-java-3.24.0.jar;C:\Users\amsid\.m2\repository\com\google\api\grpc\proto-google-common-protos\2.22.0\proto-google-common-protos-2.22.0.jar;C:\Users\amsid\.m2\repository\io\grpc\grpc-protobuf-lite\1.60.1\grpc-protobuf-lite-1.60.1.jar;C:\Users\amsid\.m2\repository\io\grpc\grpc-stub\1.60.1\grpc-stub-1.60.1.jar;C:\Users\amsid\.m2\repository\org\apache\tomcat\annotations-api\6.0.53\annotations-api-6.0.53.jar;C:\Users\amsid\.m2\repository\org\junit\jupiter\junit-jupiter-engine\5.10.2\junit-jupiter-engine-5.10.2.jar;C:\Users\amsid\.m2\repository\org\junit\platform\junit-platform-engine\1.10.2\junit-platform-engine-1.10.2.jar;C:\Users\amsid\.m2\repository\org\opentest4j\opentest4j\1.3.0\opentest4j-1.3.0.jar;C:\Users\amsid\.m2\repository\org\junit\platform\junit-platform-commons\1.10.2\junit-platform-commons-1.10.2.jar;C:\Users\amsid\.m2\repository\org\junit\jupiter\junit-jupiter-api\5.10.2\junit-jupiter-api-5.10.2.jar;C:\Users\amsid\.m2\repository\org\apiguardian\apiguardian-api\1.1.2\apiguardian-api-1.1.2.jar;C:\Users\amsid\.m2\repository\com\fasterxml\jackson\core\jackson-databind\2.17.1\jackson-databind-2.17.1.jar;C:\Users\amsid\.m2\repository\com\fasterxml\jackson\core\jackson-annotations\2.17.1\jackson-annotations-2.17.1.jar;C:\Users\amsid\.m2\repository\com\fasterxml\jackson\core\jackson-core\2.17.1\jackson-core-2.17.1.jar;"/>
    <property name="sun.cpu.endian" value="little"/>
    <property name="user.home" value="C:\Users\amsid"/>
    <property name="user.language" value="en"/>
    <property name="java.specification.vendor" value="Oracle Corporation"/>
    <property name="java.version.date" value="2024-01-16"/>
    <property name="java.home" value="C:\Users\amsid\jdks\openjdk-21"/>
    <property name="file.separator" value="\"/>
    <property name="basedir" value="C:\Users\amsid\Documents\IntellijProjects\grpc-communication-pattern\grpc-unary-communication"/>
    <property name="java.vm.compressedOopsMode" value="Zero based"/>
    <property name="line.separator" value="&#10;"/>
    <property name="java.vm.specification.vendor" value="Oracle Corporation"/>
    <property name="java.specification.name" value="Java Platform API Specification"/>
    <property name="surefire.real.class.path" value="C:\Users\amsid\AppData\Local\Temp\surefire2556707613851471709\surefirebooter-20240716001518862_3.jar"/>
    <property name="user.script" value=""/>
    <property name="sun.management.compiler" value="HotSpot 64-Bit Tiered Compilers"/>
    <property name="java.runtime.version" value="21.0.2+13-58"/>
    <property name="user.name" value="amsid"/>
    <property name="stdout.encoding" value="Cp1252"/>
    <property name="path.separator" value=";"/>
    <property name="os.version" value="10.0"/>
    <property name="java.runtime.name" value="OpenJDK Runtime Environment"/>
    <property name="file.encoding" value="UTF-8"/>
    <property name="java.vm.name" value="OpenJDK 64-Bit Server VM"/>
    <property name="localRepository" value="C:\Users\amsid\.m2\repository"/>
    <property name="java.vendor.url.bug" value="https://bugreport.java.com/bugreport/"/>
    <property name="java.io.tmpdir" value="C:\Users\amsid\AppData\Local\Temp\"/>
    <property name="idea.version" value="2023.2.6"/>
    <property name="java.version" value="21.0.2"/>
    <property name="user.dir" value="C:\Users\amsid\Documents\IntellijProjects\grpc-communication-pattern\grpc-unary-communication"/>
    <property name="os.arch" value="amd64"/>
    <property name="java.vm.specification.name" value="Java Virtual Machine Specification"/>
    <property name="sun.os.patch.level" value=""/>
    <property name="native.encoding" value="Cp1252"/>
    <property name="java.library.path" value="C:\Users\amsid\jdks\openjdk-21\bin;C:\Windows\Sun\Java\bin;C:\Windows\system32;C:\Windows;C:\Windows\system32;C:\Windows;C:\Windows\System32\Wbem;C:\Windows\System32\WindowsPowerShell\v1.0\;C:\Windows\System32\OpenSSH\;C:\ProgramData\chocolatey\bin;C:\Program Files\Docker\Docker\resources\bin;C:\Program Files\Amazon\AWSCLIV2\;C:\Program Files\Git\cmd;C:\Users\amsid\AppData\Local\Microsoft\WindowsApps;C:\Users\amsid\AppData\Local\JetBrains\Toolbox\scripts;C:\Users\amsid\jdks\openjdk-8\bin;C:\Users\amsid\maven3.9.6\bin;C:\Users\amsid\jmeter\bin;C:\Program Files\JetBrains\IntelliJ IDEA 2023.3.5\bin;;;."/>
    <property name="java.vm.info" value="mixed mode, sharing"/>
    <property name="stderr.encoding" value="Cp1252"/>
    <property name="java.vendor" value="Oracle Corporation"/>
    <property name="java.vm.version" value="21.0.2+13-58"/>
    <property name="sun.io.unicode.encoding" value="UnicodeLittle"/>
    <property name="java.class.version" value="65.0"/>
  </properties>
  <testcase name="getBalanceTest" classname="com.amsidh.mvc.service.BankServiceTest" time="0.318">
    <system-out><![CDATA[Server started on port 6565 and services [BankService]
Unary balance received 100
]]></system-out>
  </testcase>
</testsuite>